<?xml version="1.0" encoding="UTF-8"?>
<!-- Generated by org.testng.reporters.JUnitXMLReporter -->
<testsuite ignored="0" hostname="----" failures="1" tests="1" name="Test" time="0.034" errors="0" timestamp="2022-07-11T08:33:32 IST">
  <testcase classname="testcases.winiumtest" name="test" time="0.007">
    <failure type="java.lang.Error" message="Unresolved compilation problems: 
	var cannot be resolved to a type
	var cannot be resolved to a type
">
      <![CDATA[java.lang.Error: Unresolved compilation problems: 
var cannot be resolved to a type
var cannot be resolved to a type

at testcases.winiumtest.test(winiumtest.java:34)
at java.base/java.util.ArrayList.forEach(ArrayList.java:1511)
... Removed 25 stack frames]]>
    </failure>
  </testcase> <!-- test -->
</testsuite> <!-- Test -->
