<?xml version="1.0" encoding="UTF-8"?>
<testng-results ignored="0" total="1" passed="1" failed="0" skipped="0">
  <reporter-output>
  </reporter-output>
  <suite started-at="2022-07-04T09:14:02 IST" name="SampleSuite" finished-at="2022-07-04T09:14:24 IST" duration-ms="22291">
    <groups>
    </groups>
    <test started-at="2022-07-04T09:14:02 IST" name="Test" finished-at="2022-07-04T09:14:24 IST" duration-ms="22291">
      <class name="testcases.winiumtest">
        <test-method signature="test()[pri:0, instance:testcases.winiumtest@7e057f43]" started-at="2022-07-04T09:14:02 IST" name="test" finished-at="2022-07-04T09:14:24 IST" duration-ms="22258" status="PASS">
          <reporter-output>
          </reporter-output>
        </test-method> <!-- test -->
      </class> <!-- testcases.winiumtest -->
    </test> <!-- Test -->
  </suite> <!-- SampleSuite -->
</testng-results>
